<?xml version="1.0" encoding="UTF-8"?>
<!-- Generated by org.testng.reporters.JUnitXMLReporter -->
<testsuite ignored="0" hostname="DESKTOP-6VJTSHH" failures="0" tests="6" name="Default test" time="37.765" errors="0" timestamp="2024-05-16T20:01:18 IST">
  <testcase classname="ProjectAssignment.Assignment" name="loginTestWithInValidUserName" time="6.01"/>
  <testcase classname="ProjectAssignment.Assignment" name="loginTestWithInValidPassword" time="4.864"/>
  <testcase classname="ProjectAssignment.Assignment" name="EmptyUsernameEmptyPassword" time="3.186"/>
  <testcase classname="ProjectAssignment.Assignment" name="CaseSensitiveData" time="1.905"/>
  <testcase classname="ProjectAssignment.Assignment" name="loginTestWithValidCredential" time="10.443"/>
  <testcase classname="ProjectAssignment.Assignment" name="forgotPassword" time="0.841"/>
</testsuite> <!-- Default test -->
