<?xml version="1.0" encoding="UTF-8"?>
<testng-results ignored="0" total="6" passed="6" failed="0" skipped="0">
  <reporter-output>
  </reporter-output>
  <suite started-at="2024-05-16T20:00:41 IST" name="Default suite" finished-at="2024-05-16T20:01:18 IST" duration-ms="37765">
    <groups>
    </groups>
    <test started-at="2024-05-16T20:00:41 IST" name="Default test" finished-at="2024-05-16T20:01:18 IST" duration-ms="37765">
      <class name="ProjectAssignment.Assignment">
        <test-method is-config="true" signature="setup()[pri:0, instance:ProjectAssignment.Assignment@4b741d6d]" started-at="2024-05-16T20:00:41 IST" name="setup" finished-at="2024-05-16T20:00:48 IST" duration-ms="7003" status="PASS">
          <reporter-output>
          </reporter-output>
        </test-method> <!-- setup -->
        <test-method is-config="true" signature="report()[pri:0, instance:ProjectAssignment.Assignment@4b741d6d]" started-at="2024-05-16T20:00:48 IST" name="report" finished-at="2024-05-16T20:00:48 IST" duration-ms="337" status="PASS">
          <reporter-output>
          </reporter-output>
        </test-method> <!-- report -->
        <test-method signature="loginTestWithInValidUserName()[pri:1, instance:ProjectAssignment.Assignment@4b741d6d]" started-at="2024-05-16T20:00:48 IST" name="loginTestWithInValidUserName" finished-at="2024-05-16T20:00:54 IST" duration-ms="6010" status="PASS">
          <reporter-output>
          </reporter-output>
        </test-method> <!-- loginTestWithInValidUserName -->
        <test-method signature="loginTestWithInValidPassword()[pri:2, instance:ProjectAssignment.Assignment@4b741d6d]" started-at="2024-05-16T20:00:54 IST" name="loginTestWithInValidPassword" finished-at="2024-05-16T20:00:59 IST" duration-ms="4864" status="PASS">
          <reporter-output>
          </reporter-output>
        </test-method> <!-- loginTestWithInValidPassword -->
        <test-method signature="EmptyUsernameEmptyPassword()[pri:3, instance:ProjectAssignment.Assignment@4b741d6d]" started-at="2024-05-16T20:00:59 IST" name="EmptyUsernameEmptyPassword" finished-at="2024-05-16T20:01:02 IST" duration-ms="3186" status="PASS">
          <reporter-output>
          </reporter-output>
        </test-method> <!-- EmptyUsernameEmptyPassword -->
        <test-method signature="CaseSensitiveData()[pri:4, instance:ProjectAssignment.Assignment@4b741d6d]" started-at="2024-05-16T20:01:02 IST" name="CaseSensitiveData" finished-at="2024-05-16T20:01:04 IST" duration-ms="1905" status="PASS">
          <reporter-output>
          </reporter-output>
        </test-method> <!-- CaseSensitiveData -->
        <test-method signature="loginTestWithValidCredential()[pri:5, instance:ProjectAssignment.Assignment@4b741d6d]" started-at="2024-05-16T20:01:04 IST" name="loginTestWithValidCredential" finished-at="2024-05-16T20:01:15 IST" duration-ms="10443" status="PASS">
          <reporter-output>
          </reporter-output>
        </test-method> <!-- loginTestWithValidCredential -->
        <test-method signature="forgotPassword()[pri:6, instance:ProjectAssignment.Assignment@4b741d6d]" started-at="2024-05-16T20:01:15 IST" name="forgotPassword" finished-at="2024-05-16T20:01:15 IST" duration-ms="841" status="PASS">
          <reporter-output>
          </reporter-output>
        </test-method> <!-- forgotPassword -->
        <test-method is-config="true" signature="reportflush()[pri:0, instance:ProjectAssignment.Assignment@4b741d6d]" started-at="2024-05-16T20:01:15 IST" name="reportflush" finished-at="2024-05-16T20:01:16 IST" duration-ms="578" status="PASS">
          <reporter-output>
          </reporter-output>
        </test-method> <!-- reportflush -->
        <test-method is-config="true" signature="teardown()[pri:0, instance:ProjectAssignment.Assignment@4b741d6d]" started-at="2024-05-16T20:01:16 IST" name="teardown" finished-at="2024-05-16T20:01:18 IST" duration-ms="2415" status="PASS">
          <reporter-output>
          </reporter-output>
        </test-method> <!-- teardown -->
      </class> <!-- ProjectAssignment.Assignment -->
    </test> <!-- Default test -->
  </suite> <!-- Default suite -->
</testng-results>
